E:\SA-MP SERVER\PSOCKET\PSOCKET\PSOCKET\RELEASE\MAIN.OBJ
E:\SA-MP SERVER\PSOCKET\PSOCKET\PSOCKET\RELEASE\AMXPLUGIN.OBJ
E:\SA-MP SERVER\PSOCKET\PSOCKET\PSOCKET\RELEASE\VC110.PDB
E:\SA-MP SERVER\PSOCKET\PSOCKET\PSOCKET\RELEASE\GETCH.OBJ
E:\SA-MP SERVER\PSOCKET\PSOCKET\RELEASE\PSOCKET.DLL
E:\SA-MP SERVER\PSOCKET\PSOCKET\RELEASE\PSOCKET.PDB
䕞尺䅓䴭⁐敓癲牥停潓正瑥停潓正瑥停潓正瑥停潓正瑥瘮硣牰橯਍㩅卜ⵁ偍匠牥敶屲卐捯敫屴卐捯敫屴敒敬獡履卐捯敫⹴楬ൢ䔊尺䅓䴭⁐敓癲牥停潓正瑥停潓正瑥剜汥慥敳停潓正瑥氮扩਍㩅卜ⵁ偍匠牥敶屲卐捯敫屴卐捯敫屴敒敬獡履卐捯敫⹴硥൰䔊尺䅓䴭⁐敓癲牥停潓正瑥停潓正瑥剜汥慥敳停潓正瑥攮灸਍䕞尺䅓䴭⁐敓癲牥停潓正瑥停潓正瑥停潓正瑥停潓正瑥瘮硣牰橯਍㩅卜ⵁ偍匠牥敶屲卐捯敫屴卐捯敫屴敒敬獡履卐捯敫⹴楬ൢ䔊尺䅓䴭⁐敓癲牥停潓正瑥停潓正瑥剜汥慥敳停潓正瑥氮扩਍㩅卜ⵁ偍匠牥敶屲卐捯敫屴卐捯敫屴敒敬獡履卐捯敫⹴硥൰䔊尺䅓䴭⁐敓癲牥停潓正瑥停潓正瑥剜汥慥敳停潓正瑥攮灸਍䕞尺䅓䴭⁐敓癲牥停潓正瑥停潓正瑥停潓正瑥停潓正瑥瘮硣牰橯਍㩅卜ⵁ偍匠牥敶屲卐捯敫屴卐捯敫屴敒敬獡履卐捯敫⹴楬ൢ䔊尺䅓䴭⁐敓癲牥停潓正瑥停潓正瑥剜汥慥敳停潓正瑥氮扩਍㩅卜ⵁ偍匠牥敶屲卐捯敫屴卐捯敫屴敒敬獡履卐捯敫⹴硥൰䔊尺䅓䴭⁐敓癲牥停潓正瑥停潓正瑥剜汥慥敳停潓正瑥攮灸਍䕞尺䅓䴭⁐敓癲牥停潓正瑥停潓正瑥停潓正瑥停潓正瑥瘮硣牰橯਍㩅卜ⵁ偍匠牥敶屲卐捯敫屴卐捯敫屴敒敬獡履卐捯敫⹴楬ൢ䔊尺䅓䴭⁐敓癲牥停潓正瑥停潓正瑥剜汥慥敳停潓正瑥氮扩਍㩅卜ⵁ偍匠牥敶屲卐捯敫屴卐捯敫屴敒敬獡履卐捯敫⹴硥൰䔊尺䅓䴭⁐敓癲牥停潓正瑥停潓正瑥剜汥慥敳停潓正瑥攮灸਍䕞尺䅓䴭⁐敓癲牥停潓正瑥停潓正瑥停潓正瑥停潓正瑥瘮硣牰橯਍㩅卜ⵁ偍匠牥敶屲卐捯敫屴卐捯敫屴敒敬獡履卐捯敫⹴楬ൢ䔊尺䅓䴭⁐敓癲牥停潓正瑥停潓正瑥剜汥慥敳停潓正瑥氮扩਍㩅卜ⵁ偍匠牥敶屲卐捯敫屴卐捯敫屴敒敬獡履卐捯敫⹴硥൰䔊尺䅓䴭⁐敓癲牥停潓正瑥停潓正瑥剜汥慥敳停潓正瑥攮灸਍䕞尺䅓䴭⁐敓癲牥停潓正瑥停潓正瑥停潓正瑥停潓正瑥瘮硣牰橯਍㩅卜ⵁ偍匠牥敶屲卐捯敫屴卐捯敫屴敒敬獡履卐捯敫⹴楬ൢ䔊尺䅓䴭⁐敓癲牥停潓正瑥停潓正瑥剜汥慥敳停潓正瑥氮扩਍㩅卜ⵁ偍匠牥敶屲卐捯敫屴卐捯敫屴敒敬獡履卐捯敫⹴硥൰䔊尺䅓䴭⁐敓癲牥停潓正瑥停潓正瑥剜汥慥敳停潓正瑥攮灸਍䕞尺䅓䴭⁐敓癲牥停潓正瑥停潓正瑥停潓正瑥停潓正瑥瘮硣牰橯਍㩅卜ⵁ偍匠牥敶屲卐捯敫屴卐捯敫屴敒敬獡履卐捯敫⹴楬ൢ䔊尺䅓䴭⁐敓癲牥停潓正瑥停潓正瑥剜汥慥敳停潓正瑥氮扩਍㩅卜ⵁ偍匠牥敶屲卐捯敫屴卐捯敫屴敒敬獡履卐捯敫⹴硥൰䔊尺䅓䴭⁐敓癲牥停潓正瑥停潓正瑥剜汥慥敳停潓正瑥攮灸਍䕞尺䅓䴭⁐敓癲牥停潓正瑥停潓正瑥停潓正瑥停潓正瑥瘮硣牰橯਍㩅卜ⵁ偍匠牥敶屲卐捯敫屴卐捯敫屴敒敬獡履卐捯敫⹴楬ൢ䔊尺䅓䴭⁐敓癲牥停潓正瑥停潓正瑥剜汥慥敳停潓正瑥氮扩਍㩅卜ⵁ偍匠牥敶屲卐捯敫屴卐捯敫屴敒敬獡履卐捯敫⹴硥൰䔊尺䅓䴭⁐敓癲牥停潓正瑥停潓正瑥剜汥慥敳停潓正瑥攮灸਍䕞尺䅓䴭⁐敓癲牥停潓正瑥停潓正瑥停潓正瑥停潓正瑥瘮硣牰橯਍㩅卜ⵁ偍匠牥敶屲卐捯敫屴卐捯敫屴敒敬獡履卐捯敫⹴楬ൢ䔊尺䅓䴭⁐敓癲牥停潓正瑥停潓正瑥剜汥慥敳停潓正瑥氮扩਍㩅卜ⵁ偍匠牥敶屲卐捯敫屴卐捯敫屴敒敬獡履卐捯敫⹴硥൰䔊尺䅓䴭⁐敓癲牥停潓正瑥停潓正瑥剜汥慥敳停潓正瑥攮灸਍䕞尺䅓䴭⁐敓癲牥停潓正瑥停潓正瑥停潓正瑥停潓正瑥瘮硣牰橯਍㩅卜ⵁ偍匠牥敶屲卐捯敫屴卐捯敫屴敒敬獡履卐捯敫⹴楬ൢ䔊尺䅓䴭⁐敓癲牥停潓正瑥停潓正瑥剜汥慥敳停潓正瑥氮扩਍㩅卜ⵁ偍匠牥敶屲卐捯敫屴卐捯敫屴敒敬獡履卐捯敫⹴硥൰䔊尺䅓䴭⁐敓癲牥停潓正瑥停潓正瑥剜汥慥敳停潓正瑥攮灸਍䕞尺䅓䴭⁐敓癲牥停潓正瑥停潓正瑥停潓正瑥停潓正瑥瘮硣牰橯਍㩅卜ⵁ偍匠牥敶屲卐捯敫屴卐捯敫屴敒敬獡履卐捯敫⹴楬ൢ䔊尺䅓䴭⁐敓癲牥停潓正瑥停潓正瑥剜汥慥敳停潓正瑥氮扩਍㩅卜ⵁ偍匠牥敶屲卐捯敫屴卐捯敫屴敒敬獡履卐捯敫⹴硥൰䔊尺䅓䴭⁐敓癲牥停潓正瑥停潓正瑥剜汥慥敳停潓正瑥攮灸਍䕞尺䅓䴭⁐敓癲牥停潓正瑥停潓正瑥停潓正瑥停潓正瑥瘮硣牰橯਍㩅卜ⵁ偍匠牥敶屲卐捯敫屴卐捯敫屴敒敬獡履卐捯敫⹴楬ൢ䔊尺䅓䴭⁐敓癲牥停潓正瑥停潓正瑥剜汥慥敳停潓正瑥氮扩਍㩅卜ⵁ偍匠牥敶屲卐捯敫屴卐捯敫屴敒敬獡履卐捯敫⹴硥൰䔊尺䅓䴭⁐敓癲牥停潓正瑥停潓正瑥剜汥慥敳停潓正瑥攮灸਍䕞尺䅓䴭⁐敓癲牥停潓正瑥停潓正瑥停潓正瑥停潓正瑥瘮硣牰橯਍㩅卜ⵁ偍匠牥敶屲卐捯敫屴卐捯敫屴敒敬獡履卐捯敫⹴楬ൢ䔊尺䅓䴭⁐敓癲牥停潓正瑥停潓正瑥剜汥慥敳停潓正瑥氮扩਍㩅卜ⵁ偍匠牥敶屲卐捯敫屴卐捯敫屴敒敬獡履卐捯敫⹴硥൰䔊尺䅓䴭⁐敓癲牥停潓正瑥停潓正瑥剜汥慥敳停潓正瑥攮灸਍䕞尺䅓䴭⁐敓癲牥停潓正瑥停潓正瑥停潓正瑥停潓正瑥瘮硣牰橯਍㩅卜ⵁ偍匠牥敶屲卐捯敫屴卐捯敫屴敒敬獡履卐捯敫⹴楬ൢ䔊尺䅓䴭⁐敓癲牥停潓正瑥停潓正瑥剜汥慥敳停潓正瑥氮扩਍㩅卜ⵁ偍匠牥敶屲卐捯敫屴卐捯敫屴敒敬獡履卐捯敫⹴硥൰䔊尺䅓䴭⁐敓癲牥停潓正瑥停潓正瑥剜汥慥敳停潓正瑥攮灸਍䕞尺䅓䴭⁐敓癲牥停潓正瑥停潓正瑥停潓正瑥停潓正瑥瘮硣牰橯਍㩅卜ⵁ偍匠牥敶屲卐捯敫屴卐捯敫屴敒敬獡履卐捯敫⹴楬ൢ䔊尺䅓䴭⁐敓癲牥停潓正瑥停潓正瑥剜汥慥敳停潓正瑥氮扩਍㩅卜ⵁ偍匠牥敶屲卐捯敫屴卐捯敫屴敒敬獡履卐捯敫⹴硥൰䔊尺䅓䴭⁐敓癲牥停潓正瑥停潓正瑥剜汥慥敳停潓正瑥攮灸਍䕞尺䅓䴭⁐敓癲牥停潓正瑥停潓正瑥停潓正瑥停潓正瑥瘮硣牰橯਍㩅卜ⵁ偍匠牥敶屲卐捯敫屴卐捯敫屴敒敬獡履卐捯敫⹴楬ൢ䔊尺䅓䴭⁐敓癲牥停潓正瑥停潓正瑥剜汥慥敳停潓正瑥氮扩਍㩅卜ⵁ偍匠牥敶屲卐捯敫屴卐捯敫屴敒敬獡履卐捯敫⹴硥൰䔊尺䅓䴭⁐敓癲牥停潓正瑥停潓正瑥剜汥慥敳停潓正瑥攮灸਍䕞尺䅓䴭⁐敓癲牥停潓正瑥停潓正瑥停潓正瑥停潓正瑥瘮硣牰橯਍㩅卜ⵁ偍匠牥敶屲卐捯敫屴卐捯敫屴敒敬獡履卐捯敫⹴楬ൢ䔊尺䅓䴭⁐敓癲牥停潓正瑥停潓正瑥剜汥慥敳停潓正瑥氮扩਍㩅卜ⵁ偍匠牥敶屲卐捯敫屴卐捯敫屴敒敬獡履卐捯敫⹴硥൰䔊尺䅓䴭⁐敓癲牥停潓正瑥停潓正瑥剜汥慥敳停潓正瑥攮灸਍䕞尺䅓䴭⁐敓癲牥停潓正瑥停潓正瑥停潓正瑥停潓正瑥瘮硣牰橯਍㩅卜ⵁ偍匠牥敶屲卐捯敫屴卐捯敫屴敒敬獡履卐捯敫⹴楬ൢ䔊尺䅓䴭⁐敓癲牥停潓正瑥停潓正瑥剜汥慥敳停潓正瑥氮扩਍㩅卜ⵁ偍匠牥敶屲卐捯敫屴卐捯敫屴敒敬獡履卐捯敫⹴硥൰䔊尺䅓䴭⁐敓癲牥停潓正瑥停潓正瑥剜汥慥敳停潓正瑥攮灸਍䕞尺䅓䴭⁐敓癲牥停潓正瑥停潓正瑥停潓正瑥停潓正瑥瘮硣牰橯਍㩅卜ⵁ偍匠牥敶屲卐捯敫屴卐捯敫屴敒敬獡履卐捯敫⹴楬ൢ䔊尺䅓䴭⁐敓癲牥停潓正瑥停潓正瑥剜汥慥敳停潓正瑥氮扩਍㩅卜ⵁ偍匠牥敶屲卐捯敫屴卐捯敫屴敒敬獡履卐捯敫⹴硥൰䔊尺䅓䴭⁐敓癲牥停潓正瑥停潓正瑥剜汥慥敳停潓正瑥攮灸਍䕞尺䅓䴭⁐敓癲牥停潓正瑥停潓正瑥停潓正瑥停潓正瑥瘮硣牰橯਍㩅卜ⵁ偍匠牥敶屲卐捯敫屴卐捯敫屴敒敬獡履卐捯敫⹴楬ൢ䔊尺䅓䴭⁐敓癲牥停潓正瑥停潓正瑥剜汥慥敳停潓正瑥氮扩਍㩅卜ⵁ偍匠牥敶屲卐捯敫屴卐捯敫屴敒敬獡履卐捯敫⹴硥൰䔊尺䅓䴭⁐敓癲牥停潓正瑥停潓正瑥剜汥慥敳停潓正瑥攮灸਍䕞尺䅓䴭⁐敓癲牥停潓正瑥停潓正瑥停潓正瑥停潓正瑥瘮硣牰橯਍㩅卜ⵁ偍匠牥敶屲卐捯敫屴卐捯敫屴敒敬獡履卐捯敫⹴楬ൢ䔊尺䅓䴭⁐敓癲牥停潓正瑥停潓正瑥剜汥慥敳停潓正瑥氮扩਍㩅卜ⵁ偍匠牥敶屲卐捯敫屴卐捯敫屴敒敬獡履卐捯敫⹴硥൰䔊尺䅓䴭⁐敓癲牥停潓正瑥停潓正瑥剜汥慥敳停潓正瑥攮灸਍䕞尺䅓䴭⁐敓癲牥停潓正瑥停潓正瑥停潓正瑥停潓正瑥瘮硣牰橯਍㩅卜ⵁ偍匠牥敶屲卐捯敫屴卐捯敫屴敒敬獡履卐捯敫⹴楬ൢ䔊尺䅓䴭⁐敓癲牥停潓正瑥停潓正瑥剜汥慥敳停潓正瑥氮扩਍㩅卜ⵁ偍匠牥敶屲卐捯敫屴卐捯敫屴敒敬獡履卐捯敫⹴硥൰䔊尺䅓䴭⁐敓癲牥停潓正瑥停潓正瑥剜汥慥敳停潓正瑥攮灸਍䕞尺䅓䴭⁐敓癲牥停潓正瑥停潓正瑥停潓正瑥停潓正瑥瘮硣牰橯਍㩅卜ⵁ偍匠牥敶屲卐捯敫屴卐捯敫屴敒敬獡履卐捯敫⹴楬ൢ䔊尺䅓䴭⁐敓癲牥停潓正瑥停潓正瑥剜汥慥敳停潓正瑥氮扩਍㩅卜ⵁ偍匠牥敶屲卐捯敫屴卐捯敫屴敒敬獡履卐捯敫⹴硥൰䔊尺䅓䴭⁐敓癲牥停潓正瑥停潓正瑥剜汥慥敳停潓正瑥攮灸਍䕞尺䅓䴭⁐敓癲牥停潓正瑥停潓正瑥停潓正瑥停潓正瑥瘮硣牰橯਍㩅卜ⵁ偍匠牥敶屲卐捯敫屴卐捯敫屴敒敬獡履卐捯敫⹴楬ൢ䔊尺䅓䴭⁐敓癲牥停潓正瑥停潓正瑥剜汥慥敳停潓正瑥氮扩਍㩅卜ⵁ偍匠牥敶屲卐捯敫屴卐捯敫屴敒敬獡履卐捯敫⹴硥൰䔊尺䅓䴭⁐敓癲牥停潓正瑥停潓正瑥剜汥慥敳停潓正瑥攮灸਍
E:\SA-MP Server\PSocket\PSocket\PSocket\Release\amxplugin.obj
E:\SA-MP Server\PSocket\PSocket\PSocket\Release\getch.obj
E:\SA-MP Server\PSocket\PSocket\PSocket\Release\main.obj
E:\SA-MP Server\PSocket\PSocket\PSocket\Release\cl.command.1.tlog
E:\SA-MP Server\PSocket\PSocket\PSocket\Release\CL.read.1.tlog
E:\SA-MP Server\PSocket\PSocket\PSocket\Release\CL.write.1.tlog
E:\SA-MP Server\PSocket\PSocket\PSocket\Release\link-cvtres.read.1.tlog
E:\SA-MP Server\PSocket\PSocket\PSocket\Release\link-cvtres.write.1.tlog
E:\SA-MP Server\PSocket\PSocket\PSocket\Release\link-rc.read.1.tlog
E:\SA-MP Server\PSocket\PSocket\PSocket\Release\link-rc.write.1.tlog
E:\SA-MP Server\PSocket\PSocket\PSocket\Release\link.command.1.tlog
E:\SA-MP Server\PSocket\PSocket\PSocket\Release\link.read.1.tlog
E:\SA-MP Server\PSocket\PSocket\PSocket\Release\link.read.4.tlog
E:\SA-MP Server\PSocket\PSocket\PSocket\Release\link.write.1.tlog
E:\SA-MP Server\PSocket\PSocket\PSocket\Release\PSocket.write.1.tlog
E:\SA-MP Server\PSocket\PSocket\PSocket\Release\vc110.pdb
E:\SA-MP Server\PSocket\PSocket\Release\PSocket.pdb
E:\SA-MP Server\PSocket\PSocket\Release\PSocket.dll
